[debug] [2023-01-16T20:09:48.147Z] ----------------------------------------------------------------------
[debug] [2023-01-16T20:09:48.150Z] Command:       /Users/briansauceda/.nvm/versions/node/v18.12.1/bin/node /Users/briansauceda/.nvm/versions/node/v12.22.5/bin/firebase init
[debug] [2023-01-16T20:09:48.151Z] CLI Version:   11.20.0
[debug] [2023-01-16T20:09:48.152Z] Platform:      darwin
[debug] [2023-01-16T20:09:48.152Z] Node Version:  v18.12.1
[debug] [2023-01-16T20:09:48.154Z] Time:          Mon Jan 16 2023 13:09:48 GMT-0700 (hora estándar del Pacífico de México)
[debug] [2023-01-16T20:09:48.154Z] ----------------------------------------------------------------------
[debug] 
[debug] [2023-01-16T20:09:48.169Z] > command requires scopes: ["email","openid","https://www.googleapis.com/auth/cloudplatformprojects.readonly","https://www.googleapis.com/auth/firebase","https://www.googleapis.com/auth/cloud-platform"]
[debug] [2023-01-16T20:09:48.170Z] > authorizing via signed-in user (briansauceda17@gmail.com)
[info] 
     ######## #### ########  ######## ########     ###     ######  ########
     ##        ##  ##     ## ##       ##     ##  ##   ##  ##       ##
     ######    ##  ########  ######   ########  #########  ######  ######
     ##        ##  ##    ##  ##       ##     ## ##     ##       ## ##
     ##       #### ##     ## ######## ########  ##     ##  ######  ########

You're about to initialize a Firebase project in this directory:

  /Users/briansauceda/Documents/Proyectos/Vue/Nost

[debug] [2023-01-16T20:10:35.471Z] ----------------------------------------------------------------------
[debug] [2023-01-16T20:10:35.474Z] Command:       /Users/briansauceda/.nvm/versions/node/v18.12.1/bin/node /Users/briansauceda/.nvm/versions/node/v12.22.5/bin/firebase init
[debug] [2023-01-16T20:10:35.475Z] CLI Version:   11.20.0
[debug] [2023-01-16T20:10:35.475Z] Platform:      darwin
[debug] [2023-01-16T20:10:35.475Z] Node Version:  v18.12.1
[debug] [2023-01-16T20:10:35.477Z] Time:          Mon Jan 16 2023 13:10:35 GMT-0700 (hora estándar del Pacífico de México)
[debug] [2023-01-16T20:10:35.477Z] ----------------------------------------------------------------------
[debug] 
[debug] [2023-01-16T20:10:35.494Z] > command requires scopes: ["email","openid","https://www.googleapis.com/auth/cloudplatformprojects.readonly","https://www.googleapis.com/auth/firebase","https://www.googleapis.com/auth/cloud-platform"]
[debug] [2023-01-16T20:10:35.495Z] > authorizing via signed-in user (briansauceda17@gmail.com)
[info] 
     ######## #### ########  ######## ########     ###     ######  ########
     ##        ##  ##     ## ##       ##     ##  ##   ##  ##       ##
     ######    ##  ########  ######   ########  #########  ######  ######
     ##        ##  ##    ##  ##       ##     ## ##     ##       ## ##
     ##       #### ##     ## ######## ########  ##     ##  ######  ########

You're about to initialize a Firebase project in this directory:

  /Users/briansauceda/Documents/Proyectos/Vue/Nost

[info] 
=== Project Setup
[info] 
[info] First, let's associate this project directory with a Firebase project.
[info] You can create multiple project aliases by running firebase use --add, 
[info] but for now we'll just set up a default project.
[info] 
[debug] [2023-01-16T20:10:42.098Z] > refreshing access token with scopes: []
[debug] [2023-01-16T20:10:42.102Z] >>> [apiv2][query] POST https://www.googleapis.com/oauth2/v3/token [none]
[debug] [2023-01-16T20:10:42.102Z] >>> [apiv2][body] POST https://www.googleapis.com/oauth2/v3/token [omitted]
[debug] [2023-01-16T20:10:42.697Z] <<< [apiv2][status] POST https://www.googleapis.com/oauth2/v3/token 200
[debug] [2023-01-16T20:10:42.697Z] <<< [apiv2][body] POST https://www.googleapis.com/oauth2/v3/token [omitted]
[debug] [2023-01-16T20:10:42.983Z] >>> [apiv2][query] GET https://firebase.googleapis.com/v1beta1/projects pageSize=100
[debug] [2023-01-16T20:10:43.598Z] <<< [apiv2][status] GET https://firebase.googleapis.com/v1beta1/projects 200
[debug] [2023-01-16T20:10:43.599Z] <<< [apiv2][body] GET https://firebase.googleapis.com/v1beta1/projects [omitted]
[info] i  Using project nost-beta (Nost) 
[info] 
=== Hosting Setup
[info] 
[info] Your public directory is the folder (relative to your project directory) that
[info] will contain Hosting assets to be uploaded with firebase deploy. If you
[info] have a build process for your assets, use your build's output directory.
[info] 
[debug] [2023-01-16T20:11:12.318Z] >>> [apiv2][query] GET https://www.gstatic.com/firebasejs/releases.json [none]
[debug] [2023-01-16T20:11:12.618Z] <<< [apiv2][status] GET https://www.gstatic.com/firebasejs/releases.json 200
[debug] [2023-01-16T20:11:12.618Z] <<< [apiv2][body] GET https://www.gstatic.com/firebasejs/releases.json {"current":{"version":"9.15.0","browserURL":"https://www.gstatic.com/firebasejs/9.15.0/firebase.js","packageURL":"https://www.gstatic.com/firebasejs/9.15.0/firebase.tgz"},"live":{"version":"9.15","browserURL":"https://www.gstatic.com/firebasejs/live/9.15/firebase.js","packageURL":"https://www.gstatic.com/firebasejs/live/9.15/firebase.tgz"},"components":{"analytics":"https://www.gstatic.com/firebasejs/9.15.0/firebase-analytics.js","app":"https://www.gstatic.com/firebasejs/9.15.0/firebase-app.js","app-check":"https://www.gstatic.com/firebasejs/9.15.0/firebase-app-check.js","auth":"https://www.gstatic.com/firebasejs/9.15.0/firebase-auth.js","auth/cordova":"https://www.gstatic.com/firebasejs/9.15.0/firebase-auth/cordova.js","auth/react-native":"https://www.gstatic.com/firebasejs/9.15.0/firebase-auth/react-native.js","functions":"https://www.gstatic.com/firebasejs/9.15.0/firebase-functions.js","firestore":"https://www.gstatic.com/firebasejs/9.15.0/firebase-firestore.js","firestore/lite":"https://www.gstatic.com/firebasejs/9.15.0/firebase-firestore/lite.js","installations":"https://www.gstatic.com/firebasejs/9.15.0/firebase-installations.js","storage":"https://www.gstatic.com/firebasejs/9.15.0/firebase-storage.js","performance":"https://www.gstatic.com/firebasejs/9.15.0/firebase-performance.js","remote-config":"https://www.gstatic.com/firebasejs/9.15.0/firebase-remote-config.js","messaging":"https://www.gstatic.com/firebasejs/9.15.0/firebase-messaging.js","messaging/sw":"https://www.gstatic.com/firebasejs/9.15.0/firebase-messaging/sw.js","database":"https://www.gstatic.com/firebasejs/9.15.0/firebase-database.js","firestore.memory":"https://www.gstatic.com/firebasejs/9.15.0/firebase-firestore.memory.js"}}
[info] i  Skipping write of dist/index.html 
[info] 
[info] i  Writing configuration info to firebase.json... 
[info] i  Writing project information to .firebaserc... 
[info] 
[info] ✔  Firebase initialization complete! 
[debug] [2023-01-16T20:11:23.720Z] Error: Timed out.
    at Timeout._onTimeout (/Users/briansauceda/.nvm/versions/node/v12.22.5/lib/node_modules/firebase-tools/lib/utils.js:253:49)
    at listOnTimeout (node:internal/timers:564:17)
    at process.processTimers (node:internal/timers:507:7)
[error] 
[error] Error: An unexpected error has occurred.
[debug] [2023-01-16T20:15:49.902Z] ----------------------------------------------------------------------
[debug] [2023-01-16T20:15:49.905Z] Command:       /Users/briansauceda/.nvm/versions/node/v18.12.1/bin/node /Users/briansauceda/.nvm/versions/node/v12.22.5/bin/firebase deploy
[debug] [2023-01-16T20:15:49.906Z] CLI Version:   11.20.0
[debug] [2023-01-16T20:15:49.906Z] Platform:      darwin
[debug] [2023-01-16T20:15:49.906Z] Node Version:  v18.12.1
[debug] [2023-01-16T20:15:49.908Z] Time:          Mon Jan 16 2023 13:15:49 GMT-0700 (hora estándar del Pacífico de México)
[debug] [2023-01-16T20:15:49.909Z] ----------------------------------------------------------------------
[debug] 
[debug] [2023-01-16T20:15:50.085Z] > command requires scopes: ["email","openid","https://www.googleapis.com/auth/cloudplatformprojects.readonly","https://www.googleapis.com/auth/firebase","https://www.googleapis.com/auth/cloud-platform"]
[debug] [2023-01-16T20:15:50.086Z] > authorizing via signed-in user (briansauceda17@gmail.com)
[debug] [2023-01-16T20:15:50.086Z] [iam] checking project nost-beta for permissions ["firebase.projects.get","firebasehosting.sites.update"]
[debug] [2023-01-16T20:15:50.089Z] >>> [apiv2][query] POST https://cloudresourcemanager.googleapis.com/v1/projects/nost-beta:testIamPermissions [none]
[debug] [2023-01-16T20:15:50.090Z] >>> [apiv2][(partial)header] POST https://cloudresourcemanager.googleapis.com/v1/projects/nost-beta:testIamPermissions x-goog-quota-user=projects/nost-beta
[debug] [2023-01-16T20:15:50.090Z] >>> [apiv2][body] POST https://cloudresourcemanager.googleapis.com/v1/projects/nost-beta:testIamPermissions {"permissions":["firebase.projects.get","firebasehosting.sites.update"]}
[debug] [2023-01-16T20:15:50.604Z] <<< [apiv2][status] POST https://cloudresourcemanager.googleapis.com/v1/projects/nost-beta:testIamPermissions 200
[debug] [2023-01-16T20:15:50.605Z] <<< [apiv2][body] POST https://cloudresourcemanager.googleapis.com/v1/projects/nost-beta:testIamPermissions {"permissions":["firebase.projects.get","firebasehosting.sites.update"]}
[debug] [2023-01-16T20:15:50.607Z] >>> [apiv2][query] GET https://firebase.googleapis.com/v1beta1/projects/nost-beta [none]
[debug] [2023-01-16T20:15:51.091Z] <<< [apiv2][status] GET https://firebase.googleapis.com/v1beta1/projects/nost-beta 200
[debug] [2023-01-16T20:15:51.091Z] <<< [apiv2][body] GET https://firebase.googleapis.com/v1beta1/projects/nost-beta {"projectId":"nost-beta","projectNumber":"586716879771","displayName":"Nost","name":"projects/nost-beta","resources":{"hostingSite":"nost-beta"},"state":"ACTIVE","etag":"1_e9ad4bf5-7e05-40fa-a1b9-eab69ca53ce1"}
[info] 
[info] === Deploying to 'nost-beta'...
[info] 
[info] i  deploying hosting 
[debug] [2023-01-16T20:15:51.100Z] >>> [apiv2][query] POST https://firebasehosting.googleapis.com/v1beta1/projects/-/sites/nost-beta/versions [none]
[debug] [2023-01-16T20:15:51.100Z] >>> [apiv2][body] POST https://firebasehosting.googleapis.com/v1beta1/projects/-/sites/nost-beta/versions {"status":"CREATED","labels":{"deployment-tool":"cli-firebase"}}
[debug] [2023-01-16T20:15:52.853Z] <<< [apiv2][status] POST https://firebasehosting.googleapis.com/v1beta1/projects/-/sites/nost-beta/versions 200
[debug] [2023-01-16T20:15:52.853Z] <<< [apiv2][body] POST https://firebasehosting.googleapis.com/v1beta1/projects/-/sites/nost-beta/versions {"name":"projects/586716879771/sites/nost-beta/versions/373d0e49547443ea","status":"CREATED","config":{},"labels":{"deployment-tool":"cli-firebase"}}
[info] i  hosting[nost-beta]: beginning deploy... 
[info] i  hosting[nost-beta]: found 31 files in dist 
[debug] [2023-01-16T20:16:21.121Z] [hosting] uploading with 200 concurrency
[debug] [2023-01-16T20:16:21.122Z] [hosting] hash cache [ZGlzdA] not populated
[debug] [2023-01-16T20:16:21.792Z] [hosting] hash cache [ZGlzdA] stored for 31 files
[debug] [2023-01-16T20:16:21.793Z] [hosting][hash queue][FINAL] {"max":655,"min":49,"avg":111.54838709677419,"active":0,"complete":31,"success":31,"errored":0,"retried":0,"total":31,"elapsed":668}
[debug] [2023-01-16T20:16:21.794Z] >>> [apiv2][query] POST https://firebasehosting.googleapis.com/v1beta1/projects/586716879771/sites/nost-beta/versions/373d0e49547443ea:populateFiles [none]
[debug] [2023-01-16T20:16:21.794Z] >>> [apiv2][body] POST https://firebasehosting.googleapis.com/v1beta1/projects/586716879771/sites/nost-beta/versions/373d0e49547443ea:populateFiles {"files":{"/index.html":"6f0398f92ce48119cba94c3c921da55b97c1160b5287b9c3b1689927c4200d88","/css/Analytics.3bf5c2a6.css":"2a1d8d9ab18484e6b426baaf0e97155ae9c926e6fe39266ce21799694c1fc973","/favicon.ico":"1e71457865f706dc865b49a54a86e193818220d290b30226b6630a42faf1535d","/css/HomeLayout.a9cba2d6.css":"089ba04127491cb0738b15ac1a15e0abbbe41d462bb7d495ee1d3ba973714488","/css/Request.73d1db28.css":"d20de92f1830f0ba514299d3f678731469094b113a072ed1f34064bf4bb5fe48","/css/Register.152b31b7.css":"67c3dbe1ea69cd7158c849eb6622090dbff67bcb54bb239bddf7b8e238dbe288","/css/app.2f8c03d9.css":"b089d0a72b7e180e71d23cdb126d96587b71f1ae9acb7e2afc7f5b03e7734e86","/css/formats.6eb5f2b9.css":"a1177d0c6d7dedd3bdc5566f87ed28fc7c4a80d12633bd0945eb5c8e079b60ff","/css/Settings.7558cde0.css":"f4370e737ca5a5336528d49ede698d5c2618067f4ababb439b1392f32697c7eb","/js/HomeLayout.4a04d6d9.js":"678fa67c8be71fe634cca18bee35de8ec9dff0aa87d3dd9020c7efb8ee231f5d","/js/HomeLayout.4a04d6d9.js.map":"b4af984adbf0e983b9327871fe742cc4687d340fb24f3bb3096d57bd0fe52a2f","/js/Register.67901065.js":"8f4979d95c76ae727173785c9b541c422a873fecb255cf37cb50b3ae0bb9b106","/js/Request.5d545cc4.js":"3cf379783a5f320a7f56ba6649da6c71476814991b1ae6aa8b174c5cd370a437","/js/Settings.8314a581.js.map":"6686ed1ceca1e29efbf682d16c64d4490c339c4aa7adabcec8a5912a8ae81a3e","/js/about.acd2d507.js":"80e55948dd5566e57fd3adadc39147184ee2dbb6206f08f75e5d718aca79c612","/js/app.f19cdc49.js":"711b213845158cc4f53509182296e18b62f60996280672bc757d7d6e293200ce","/js/app.f19cdc49.js.map":"d823fb5b5a22673631275aafb294a6516477faec974ea7746a6ee4b6aea19526","/js/Settings.8314a581.js":"14b469272a5a022fbb874bd9f1bc1375144acc4f369e61b8b525c6f695ea4035","/js/about.acd2d507.js.map":"b5f087096dfdd89360d76bb4ad5e2c33e966b752aec4365fdc53597f4818c5fa","/js/formats.ee07182c.js":"1db95688c679ca66661f37300f0331ac08a734b1b746e115ee4b806c325f54fa","/js/formats.ee07182c.js.map":"ec64aaefbcd9f27f1946b3c0c54f1e898197b629bfcf892f2ac585d99c0d5e5a","/js/Request.5d545cc4.js.map":"e320e77dc8017bca0d746d61cd0b1ade5ac31f8c0608ef88571c55801a1c72d8","/img/notificacion.5deb3a5a.png":"3f50d5ca869b06fa9a4f7a944bffc9341ac689e1f2fc3f4ac4fdc7ad2c731c41","/js/347.dce340e3.js":"7b941aed1085f38a04b4c6cde2731f6a0ac6bfb1a4aa29b3317f94eba1e0496a","/js/Register.67901065.js.map":"395d6850a486fbce8a922f0e3c37c777a733dae5dfa42de6cd4bc044a8e07882","/css/chunk-vendors.269fb860.css":"6b9448025db84f50f29db7f37eb7ba47348bdb76f4a40834db266b07f93caecd","/js/347.dce340e3.js.map":"a3fa592b17d234c53b29c375682523da9b77b9511482313e5cdeec6a6be1687f","/js/Analytics.54ba61cf.js":"27e74ad87b74cdcc8aa13f790e34f43ae1135279dc70f5ddc3cfa35a5a4f6a72","/js/chunk-vendors.a7a5ed58.js":"5616247fd653d663e709e58ed3bd3f10d8a2c4b78f85925c56d4331c503df1b1","/js/Analytics.54ba61cf.js.map":"70421717675cab24e42c4d1e9c95cadfe4b7e3ddbb1922cca03fa1e15bd65826","/js/chunk-vendors.a7a5ed58.js.map":"281b92231d469ee718c168c8cd49c239e8ea9d23ffaef20033e844f11b73f8b0"}}
[debug] [2023-01-16T20:16:22.414Z] <<< [apiv2][status] POST https://firebasehosting.googleapis.com/v1beta1/projects/586716879771/sites/nost-beta/versions/373d0e49547443ea:populateFiles 200
[debug] [2023-01-16T20:16:22.414Z] <<< [apiv2][body] POST https://firebasehosting.googleapis.com/v1beta1/projects/586716879771/sites/nost-beta/versions/373d0e49547443ea:populateFiles {"uploadRequiredHashes":["395d6850a486fbce8a922f0e3c37c777a733dae5dfa42de6cd4bc044a8e07882","6b9448025db84f50f29db7f37eb7ba47348bdb76f4a40834db266b07f93caecd","089ba04127491cb0738b15ac1a15e0abbbe41d462bb7d495ee1d3ba973714488","b5f087096dfdd89360d76bb4ad5e2c33e966b752aec4365fdc53597f4818c5fa","3f50d5ca869b06fa9a4f7a944bffc9341ac689e1f2fc3f4ac4fdc7ad2c731c41","5616247fd653d663e709e58ed3bd3f10d8a2c4b78f85925c56d4331c503df1b1","a1177d0c6d7dedd3bdc5566f87ed28fc7c4a80d12633bd0945eb5c8e079b60ff","281b92231d469ee718c168c8cd49c239e8ea9d23ffaef20033e844f11b73f8b0","6686ed1ceca1e29efbf682d16c64d4490c339c4aa7adabcec8a5912a8ae81a3e","1e71457865f706dc865b49a54a86e193818220d290b30226b6630a42faf1535d","80e55948dd5566e57fd3adadc39147184ee2dbb6206f08f75e5d718aca79c612","a3fa592b17d234c53b29c375682523da9b77b9511482313e5cdeec6a6be1687f","27e74ad87b74cdcc8aa13f790e34f43ae1135279dc70f5ddc3cfa35a5a4f6a72","70421717675cab24e42c4d1e9c95cadfe4b7e3ddbb1922cca03fa1e15bd65826","7b941aed1085f38a04b4c6cde2731f6a0ac6bfb1a4aa29b3317f94eba1e0496a","e320e77dc8017bca0d746d61cd0b1ade5ac31f8c0608ef88571c55801a1c72d8","ec64aaefbcd9f27f1946b3c0c54f1e898197b629bfcf892f2ac585d99c0d5e5a","f4370e737ca5a5336528d49ede698d5c2618067f4ababb439b1392f32697c7eb","3cf379783a5f320a7f56ba6649da6c71476814991b1ae6aa8b174c5cd370a437","1db95688c679ca66661f37300f0331ac08a734b1b746e115ee4b806c325f54fa","2a1d8d9ab18484e6b426baaf0e97155ae9c926e6fe39266ce21799694c1fc973","14b469272a5a022fbb874bd9f1bc1375144acc4f369e61b8b525c6f695ea4035","d20de92f1830f0ba514299d3f678731469094b113a072ed1f34064bf4bb5fe48","b4af984adbf0e983b9327871fe742cc4687d340fb24f3bb3096d57bd0fe52a2f","6f0398f92ce48119cba94c3c921da55b97c1160b5287b9c3b1689927c4200d88","678fa67c8be71fe634cca18bee35de8ec9dff0aa87d3dd9020c7efb8ee231f5d","711b213845158cc4f53509182296e18b62f60996280672bc757d7d6e293200ce","8f4979d95c76ae727173785c9b541c422a873fecb255cf37cb50b3ae0bb9b106","67c3dbe1ea69cd7158c849eb6622090dbff67bcb54bb239bddf7b8e238dbe288","d823fb5b5a22673631275aafb294a6516477faec974ea7746a6ee4b6aea19526","b089d0a72b7e180e71d23cdb126d96587b71f1ae9acb7e2afc7f5b03e7734e86"],"uploadUrl":"https://upload-firebasehosting.googleapis.com/upload/sites/nost-beta/versions/373d0e49547443ea/files"}
[debug] [2023-01-16T20:16:22.421Z] >>> [apiv2][query] POST https://upload-firebasehosting.googleapis.com/upload/sites/nost-beta/versions/373d0e49547443ea/files/395d6850a486fbce8a922f0e3c37c777a733dae5dfa42de6cd4bc044a8e07882 [none]
[debug] [2023-01-16T20:16:22.421Z] >>> [apiv2][body] POST https://upload-firebasehosting.googleapis.com/upload/sites/nost-beta/versions/373d0e49547443ea/files/395d6850a486fbce8a922f0e3c37c777a733dae5dfa42de6cd4bc044a8e07882 [stream]
[debug] [2023-01-16T20:16:22.423Z] >>> [apiv2][query] POST https://upload-firebasehosting.googleapis.com/upload/sites/nost-beta/versions/373d0e49547443ea/files/6b9448025db84f50f29db7f37eb7ba47348bdb76f4a40834db266b07f93caecd [none]
[debug] [2023-01-16T20:16:22.424Z] >>> [apiv2][body] POST https://upload-firebasehosting.googleapis.com/upload/sites/nost-beta/versions/373d0e49547443ea/files/6b9448025db84f50f29db7f37eb7ba47348bdb76f4a40834db266b07f93caecd [stream]
[debug] [2023-01-16T20:16:22.425Z] >>> [apiv2][query] POST https://upload-firebasehosting.googleapis.com/upload/sites/nost-beta/versions/373d0e49547443ea/files/089ba04127491cb0738b15ac1a15e0abbbe41d462bb7d495ee1d3ba973714488 [none]
[debug] [2023-01-16T20:16:22.425Z] >>> [apiv2][body] POST https://upload-firebasehosting.googleapis.com/upload/sites/nost-beta/versions/373d0e49547443ea/files/089ba04127491cb0738b15ac1a15e0abbbe41d462bb7d495ee1d3ba973714488 [stream]
[debug] [2023-01-16T20:16:22.427Z] >>> [apiv2][query] POST https://upload-firebasehosting.googleapis.com/upload/sites/nost-beta/versions/373d0e49547443ea/files/b5f087096dfdd89360d76bb4ad5e2c33e966b752aec4365fdc53597f4818c5fa [none]
[debug] [2023-01-16T20:16:22.427Z] >>> [apiv2][body] POST https://upload-firebasehosting.googleapis.com/upload/sites/nost-beta/versions/373d0e49547443ea/files/b5f087096dfdd89360d76bb4ad5e2c33e966b752aec4365fdc53597f4818c5fa [stream]
[debug] [2023-01-16T20:16:22.428Z] >>> [apiv2][query] POST https://upload-firebasehosting.googleapis.com/upload/sites/nost-beta/versions/373d0e49547443ea/files/3f50d5ca869b06fa9a4f7a944bffc9341ac689e1f2fc3f4ac4fdc7ad2c731c41 [none]
[debug] [2023-01-16T20:16:22.428Z] >>> [apiv2][body] POST https://upload-firebasehosting.googleapis.com/upload/sites/nost-beta/versions/373d0e49547443ea/files/3f50d5ca869b06fa9a4f7a944bffc9341ac689e1f2fc3f4ac4fdc7ad2c731c41 [stream]
[debug] [2023-01-16T20:16:22.430Z] >>> [apiv2][query] POST https://upload-firebasehosting.googleapis.com/upload/sites/nost-beta/versions/373d0e49547443ea/files/5616247fd653d663e709e58ed3bd3f10d8a2c4b78f85925c56d4331c503df1b1 [none]
[debug] [2023-01-16T20:16:22.430Z] >>> [apiv2][body] POST https://upload-firebasehosting.googleapis.com/upload/sites/nost-beta/versions/373d0e49547443ea/files/5616247fd653d663e709e58ed3bd3f10d8a2c4b78f85925c56d4331c503df1b1 [stream]
[debug] [2023-01-16T20:16:22.431Z] >>> [apiv2][query] POST https://upload-firebasehosting.googleapis.com/upload/sites/nost-beta/versions/373d0e49547443ea/files/a1177d0c6d7dedd3bdc5566f87ed28fc7c4a80d12633bd0945eb5c8e079b60ff [none]
[debug] [2023-01-16T20:16:22.432Z] >>> [apiv2][body] POST https://upload-firebasehosting.googleapis.com/upload/sites/nost-beta/versions/373d0e49547443ea/files/a1177d0c6d7dedd3bdc5566f87ed28fc7c4a80d12633bd0945eb5c8e079b60ff [stream]
[debug] [2023-01-16T20:16:22.434Z] >>> [apiv2][query] POST https://upload-firebasehosting.googleapis.com/upload/sites/nost-beta/versions/373d0e49547443ea/files/281b92231d469ee718c168c8cd49c239e8ea9d23ffaef20033e844f11b73f8b0 [none]
[debug] [2023-01-16T20:16:22.434Z] >>> [apiv2][body] POST https://upload-firebasehosting.googleapis.com/upload/sites/nost-beta/versions/373d0e49547443ea/files/281b92231d469ee718c168c8cd49c239e8ea9d23ffaef20033e844f11b73f8b0 [stream]
[debug] [2023-01-16T20:16:22.436Z] >>> [apiv2][query] POST https://upload-firebasehosting.googleapis.com/upload/sites/nost-beta/versions/373d0e49547443ea/files/6686ed1ceca1e29efbf682d16c64d4490c339c4aa7adabcec8a5912a8ae81a3e [none]
[debug] [2023-01-16T20:16:22.436Z] >>> [apiv2][body] POST https://upload-firebasehosting.googleapis.com/upload/sites/nost-beta/versions/373d0e49547443ea/files/6686ed1ceca1e29efbf682d16c64d4490c339c4aa7adabcec8a5912a8ae81a3e [stream]
[debug] [2023-01-16T20:16:22.438Z] >>> [apiv2][query] POST https://upload-firebasehosting.googleapis.com/upload/sites/nost-beta/versions/373d0e49547443ea/files/1e71457865f706dc865b49a54a86e193818220d290b30226b6630a42faf1535d [none]
[debug] [2023-01-16T20:16:22.438Z] >>> [apiv2][body] POST https://upload-firebasehosting.googleapis.com/upload/sites/nost-beta/versions/373d0e49547443ea/files/1e71457865f706dc865b49a54a86e193818220d290b30226b6630a42faf1535d [stream]
[debug] [2023-01-16T20:16:22.440Z] >>> [apiv2][query] POST https://upload-firebasehosting.googleapis.com/upload/sites/nost-beta/versions/373d0e49547443ea/files/80e55948dd5566e57fd3adadc39147184ee2dbb6206f08f75e5d718aca79c612 [none]
[debug] [2023-01-16T20:16:22.440Z] >>> [apiv2][body] POST https://upload-firebasehosting.googleapis.com/upload/sites/nost-beta/versions/373d0e49547443ea/files/80e55948dd5566e57fd3adadc39147184ee2dbb6206f08f75e5d718aca79c612 [stream]
[debug] [2023-01-16T20:16:22.441Z] >>> [apiv2][query] POST https://upload-firebasehosting.googleapis.com/upload/sites/nost-beta/versions/373d0e49547443ea/files/a3fa592b17d234c53b29c375682523da9b77b9511482313e5cdeec6a6be1687f [none]
[debug] [2023-01-16T20:16:22.442Z] >>> [apiv2][body] POST https://upload-firebasehosting.googleapis.com/upload/sites/nost-beta/versions/373d0e49547443ea/files/a3fa592b17d234c53b29c375682523da9b77b9511482313e5cdeec6a6be1687f [stream]
[debug] [2023-01-16T20:16:22.443Z] >>> [apiv2][query] POST https://upload-firebasehosting.googleapis.com/upload/sites/nost-beta/versions/373d0e49547443ea/files/27e74ad87b74cdcc8aa13f790e34f43ae1135279dc70f5ddc3cfa35a5a4f6a72 [none]
[debug] [2023-01-16T20:16:22.443Z] >>> [apiv2][body] POST https://upload-firebasehosting.googleapis.com/upload/sites/nost-beta/versions/373d0e49547443ea/files/27e74ad87b74cdcc8aa13f790e34f43ae1135279dc70f5ddc3cfa35a5a4f6a72 [stream]
[debug] [2023-01-16T20:16:22.444Z] >>> [apiv2][query] POST https://upload-firebasehosting.googleapis.com/upload/sites/nost-beta/versions/373d0e49547443ea/files/70421717675cab24e42c4d1e9c95cadfe4b7e3ddbb1922cca03fa1e15bd65826 [none]
[debug] [2023-01-16T20:16:22.444Z] >>> [apiv2][body] POST https://upload-firebasehosting.googleapis.com/upload/sites/nost-beta/versions/373d0e49547443ea/files/70421717675cab24e42c4d1e9c95cadfe4b7e3ddbb1922cca03fa1e15bd65826 [stream]
[debug] [2023-01-16T20:16:22.446Z] >>> [apiv2][query] POST https://upload-firebasehosting.googleapis.com/upload/sites/nost-beta/versions/373d0e49547443ea/files/7b941aed1085f38a04b4c6cde2731f6a0ac6bfb1a4aa29b3317f94eba1e0496a [none]
[debug] [2023-01-16T20:16:22.446Z] >>> [apiv2][body] POST https://upload-firebasehosting.googleapis.com/upload/sites/nost-beta/versions/373d0e49547443ea/files/7b941aed1085f38a04b4c6cde2731f6a0ac6bfb1a4aa29b3317f94eba1e0496a [stream]
[debug] [2023-01-16T20:16:22.447Z] >>> [apiv2][query] POST https://upload-firebasehosting.googleapis.com/upload/sites/nost-beta/versions/373d0e49547443ea/files/e320e77dc8017bca0d746d61cd0b1ade5ac31f8c0608ef88571c55801a1c72d8 [none]
[debug] [2023-01-16T20:16:22.447Z] >>> [apiv2][body] POST https://upload-firebasehosting.googleapis.com/upload/sites/nost-beta/versions/373d0e49547443ea/files/e320e77dc8017bca0d746d61cd0b1ade5ac31f8c0608ef88571c55801a1c72d8 [stream]
[debug] [2023-01-16T20:16:22.449Z] >>> [apiv2][query] POST https://upload-firebasehosting.googleapis.com/upload/sites/nost-beta/versions/373d0e49547443ea/files/ec64aaefbcd9f27f1946b3c0c54f1e898197b629bfcf892f2ac585d99c0d5e5a [none]
[debug] [2023-01-16T20:16:22.449Z] >>> [apiv2][body] POST https://upload-firebasehosting.googleapis.com/upload/sites/nost-beta/versions/373d0e49547443ea/files/ec64aaefbcd9f27f1946b3c0c54f1e898197b629bfcf892f2ac585d99c0d5e5a [stream]
[debug] [2023-01-16T20:16:22.452Z] >>> [apiv2][query] POST https://upload-firebasehosting.googleapis.com/upload/sites/nost-beta/versions/373d0e49547443ea/files/f4370e737ca5a5336528d49ede698d5c2618067f4ababb439b1392f32697c7eb [none]
[debug] [2023-01-16T20:16:22.452Z] >>> [apiv2][body] POST https://upload-firebasehosting.googleapis.com/upload/sites/nost-beta/versions/373d0e49547443ea/files/f4370e737ca5a5336528d49ede698d5c2618067f4ababb439b1392f32697c7eb [stream]
[debug] [2023-01-16T20:16:22.453Z] >>> [apiv2][query] POST https://upload-firebasehosting.googleapis.com/upload/sites/nost-beta/versions/373d0e49547443ea/files/3cf379783a5f320a7f56ba6649da6c71476814991b1ae6aa8b174c5cd370a437 [none]
[debug] [2023-01-16T20:16:22.454Z] >>> [apiv2][body] POST https://upload-firebasehosting.googleapis.com/upload/sites/nost-beta/versions/373d0e49547443ea/files/3cf379783a5f320a7f56ba6649da6c71476814991b1ae6aa8b174c5cd370a437 [stream]
[debug] [2023-01-16T20:16:22.455Z] >>> [apiv2][query] POST https://upload-firebasehosting.googleapis.com/upload/sites/nost-beta/versions/373d0e49547443ea/files/1db95688c679ca66661f37300f0331ac08a734b1b746e115ee4b806c325f54fa [none]
[debug] [2023-01-16T20:16:22.455Z] >>> [apiv2][body] POST https://upload-firebasehosting.googleapis.com/upload/sites/nost-beta/versions/373d0e49547443ea/files/1db95688c679ca66661f37300f0331ac08a734b1b746e115ee4b806c325f54fa [stream]
[debug] [2023-01-16T20:16:22.456Z] >>> [apiv2][query] POST https://upload-firebasehosting.googleapis.com/upload/sites/nost-beta/versions/373d0e49547443ea/files/2a1d8d9ab18484e6b426baaf0e97155ae9c926e6fe39266ce21799694c1fc973 [none]
[debug] [2023-01-16T20:16:22.456Z] >>> [apiv2][body] POST https://upload-firebasehosting.googleapis.com/upload/sites/nost-beta/versions/373d0e49547443ea/files/2a1d8d9ab18484e6b426baaf0e97155ae9c926e6fe39266ce21799694c1fc973 [stream]
[debug] [2023-01-16T20:16:22.457Z] >>> [apiv2][query] POST https://upload-firebasehosting.googleapis.com/upload/sites/nost-beta/versions/373d0e49547443ea/files/14b469272a5a022fbb874bd9f1bc1375144acc4f369e61b8b525c6f695ea4035 [none]
[debug] [2023-01-16T20:16:22.458Z] >>> [apiv2][body] POST https://upload-firebasehosting.googleapis.com/upload/sites/nost-beta/versions/373d0e49547443ea/files/14b469272a5a022fbb874bd9f1bc1375144acc4f369e61b8b525c6f695ea4035 [stream]
[debug] [2023-01-16T20:16:22.459Z] >>> [apiv2][query] POST https://upload-firebasehosting.googleapis.com/upload/sites/nost-beta/versions/373d0e49547443ea/files/d20de92f1830f0ba514299d3f678731469094b113a072ed1f34064bf4bb5fe48 [none]
[debug] [2023-01-16T20:16:22.459Z] >>> [apiv2][body] POST https://upload-firebasehosting.googleapis.com/upload/sites/nost-beta/versions/373d0e49547443ea/files/d20de92f1830f0ba514299d3f678731469094b113a072ed1f34064bf4bb5fe48 [stream]
[debug] [2023-01-16T20:16:22.460Z] >>> [apiv2][query] POST https://upload-firebasehosting.googleapis.com/upload/sites/nost-beta/versions/373d0e49547443ea/files/b4af984adbf0e983b9327871fe742cc4687d340fb24f3bb3096d57bd0fe52a2f [none]
[debug] [2023-01-16T20:16:22.460Z] >>> [apiv2][body] POST https://upload-firebasehosting.googleapis.com/upload/sites/nost-beta/versions/373d0e49547443ea/files/b4af984adbf0e983b9327871fe742cc4687d340fb24f3bb3096d57bd0fe52a2f [stream]
[debug] [2023-01-16T20:16:22.461Z] >>> [apiv2][query] POST https://upload-firebasehosting.googleapis.com/upload/sites/nost-beta/versions/373d0e49547443ea/files/6f0398f92ce48119cba94c3c921da55b97c1160b5287b9c3b1689927c4200d88 [none]
[debug] [2023-01-16T20:16:22.462Z] >>> [apiv2][body] POST https://upload-firebasehosting.googleapis.com/upload/sites/nost-beta/versions/373d0e49547443ea/files/6f0398f92ce48119cba94c3c921da55b97c1160b5287b9c3b1689927c4200d88 [stream]
[debug] [2023-01-16T20:16:22.463Z] >>> [apiv2][query] POST https://upload-firebasehosting.googleapis.com/upload/sites/nost-beta/versions/373d0e49547443ea/files/678fa67c8be71fe634cca18bee35de8ec9dff0aa87d3dd9020c7efb8ee231f5d [none]
[debug] [2023-01-16T20:16:22.463Z] >>> [apiv2][body] POST https://upload-firebasehosting.googleapis.com/upload/sites/nost-beta/versions/373d0e49547443ea/files/678fa67c8be71fe634cca18bee35de8ec9dff0aa87d3dd9020c7efb8ee231f5d [stream]
[debug] [2023-01-16T20:16:22.464Z] >>> [apiv2][query] POST https://upload-firebasehosting.googleapis.com/upload/sites/nost-beta/versions/373d0e49547443ea/files/711b213845158cc4f53509182296e18b62f60996280672bc757d7d6e293200ce [none]
[debug] [2023-01-16T20:16:22.464Z] >>> [apiv2][body] POST https://upload-firebasehosting.googleapis.com/upload/sites/nost-beta/versions/373d0e49547443ea/files/711b213845158cc4f53509182296e18b62f60996280672bc757d7d6e293200ce [stream]
[debug] [2023-01-16T20:16:22.465Z] >>> [apiv2][query] POST https://upload-firebasehosting.googleapis.com/upload/sites/nost-beta/versions/373d0e49547443ea/files/8f4979d95c76ae727173785c9b541c422a873fecb255cf37cb50b3ae0bb9b106 [none]
[debug] [2023-01-16T20:16:22.465Z] >>> [apiv2][body] POST https://upload-firebasehosting.googleapis.com/upload/sites/nost-beta/versions/373d0e49547443ea/files/8f4979d95c76ae727173785c9b541c422a873fecb255cf37cb50b3ae0bb9b106 [stream]
[debug] [2023-01-16T20:16:22.466Z] >>> [apiv2][query] POST https://upload-firebasehosting.googleapis.com/upload/sites/nost-beta/versions/373d0e49547443ea/files/67c3dbe1ea69cd7158c849eb6622090dbff67bcb54bb239bddf7b8e238dbe288 [none]
[debug] [2023-01-16T20:16:22.466Z] >>> [apiv2][body] POST https://upload-firebasehosting.googleapis.com/upload/sites/nost-beta/versions/373d0e49547443ea/files/67c3dbe1ea69cd7158c849eb6622090dbff67bcb54bb239bddf7b8e238dbe288 [stream]
[debug] [2023-01-16T20:16:22.467Z] >>> [apiv2][query] POST https://upload-firebasehosting.googleapis.com/upload/sites/nost-beta/versions/373d0e49547443ea/files/d823fb5b5a22673631275aafb294a6516477faec974ea7746a6ee4b6aea19526 [none]
[debug] [2023-01-16T20:16:22.467Z] >>> [apiv2][body] POST https://upload-firebasehosting.googleapis.com/upload/sites/nost-beta/versions/373d0e49547443ea/files/d823fb5b5a22673631275aafb294a6516477faec974ea7746a6ee4b6aea19526 [stream]
[debug] [2023-01-16T20:16:22.468Z] >>> [apiv2][query] POST https://upload-firebasehosting.googleapis.com/upload/sites/nost-beta/versions/373d0e49547443ea/files/b089d0a72b7e180e71d23cdb126d96587b71f1ae9acb7e2afc7f5b03e7734e86 [none]
[debug] [2023-01-16T20:16:22.469Z] >>> [apiv2][body] POST https://upload-firebasehosting.googleapis.com/upload/sites/nost-beta/versions/373d0e49547443ea/files/b089d0a72b7e180e71d23cdb126d96587b71f1ae9acb7e2afc7f5b03e7734e86 [stream]
[debug] [2023-01-16T20:16:22.470Z] [hosting][populate queue][FINAL] {"max":631,"min":631,"avg":631,"active":0,"complete":1,"success":1,"errored":0,"retried":0,"total":1,"elapsed":680}
[debug] [2023-01-16T20:16:22.470Z] [hosting] uploads queued: 31
[debug] [2023-01-16T20:16:23.244Z] <<< [apiv2][status] POST https://upload-firebasehosting.googleapis.com/upload/sites/nost-beta/versions/373d0e49547443ea/files/089ba04127491cb0738b15ac1a15e0abbbe41d462bb7d495ee1d3ba973714488 200
[debug] [2023-01-16T20:16:23.245Z] <<< [apiv2][body] POST https://upload-firebasehosting.googleapis.com/upload/sites/nost-beta/versions/373d0e49547443ea/files/089ba04127491cb0738b15ac1a15e0abbbe41d462bb7d495ee1d3ba973714488 [stream]
[debug] [2023-01-16T20:16:23.293Z] <<< [apiv2][status] POST https://upload-firebasehosting.googleapis.com/upload/sites/nost-beta/versions/373d0e49547443ea/files/b5f087096dfdd89360d76bb4ad5e2c33e966b752aec4365fdc53597f4818c5fa 200
[debug] [2023-01-16T20:16:23.294Z] <<< [apiv2][body] POST https://upload-firebasehosting.googleapis.com/upload/sites/nost-beta/versions/373d0e49547443ea/files/b5f087096dfdd89360d76bb4ad5e2c33e966b752aec4365fdc53597f4818c5fa [stream]
[debug] [2023-01-16T20:16:23.338Z] <<< [apiv2][status] POST https://upload-firebasehosting.googleapis.com/upload/sites/nost-beta/versions/373d0e49547443ea/files/6f0398f92ce48119cba94c3c921da55b97c1160b5287b9c3b1689927c4200d88 200
[debug] [2023-01-16T20:16:23.339Z] <<< [apiv2][body] POST https://upload-firebasehosting.googleapis.com/upload/sites/nost-beta/versions/373d0e49547443ea/files/6f0398f92ce48119cba94c3c921da55b97c1160b5287b9c3b1689927c4200d88 [stream]
[debug] [2023-01-16T20:16:23.340Z] <<< [apiv2][status] POST https://upload-firebasehosting.googleapis.com/upload/sites/nost-beta/versions/373d0e49547443ea/files/395d6850a486fbce8a922f0e3c37c777a733dae5dfa42de6cd4bc044a8e07882 200
[debug] [2023-01-16T20:16:23.340Z] <<< [apiv2][body] POST https://upload-firebasehosting.googleapis.com/upload/sites/nost-beta/versions/373d0e49547443ea/files/395d6850a486fbce8a922f0e3c37c777a733dae5dfa42de6cd4bc044a8e07882 [stream]
[debug] [2023-01-16T20:16:23.353Z] <<< [apiv2][status] POST https://upload-firebasehosting.googleapis.com/upload/sites/nost-beta/versions/373d0e49547443ea/files/ec64aaefbcd9f27f1946b3c0c54f1e898197b629bfcf892f2ac585d99c0d5e5a 200
[debug] [2023-01-16T20:16:23.353Z] <<< [apiv2][body] POST https://upload-firebasehosting.googleapis.com/upload/sites/nost-beta/versions/373d0e49547443ea/files/ec64aaefbcd9f27f1946b3c0c54f1e898197b629bfcf892f2ac585d99c0d5e5a [stream]
[debug] [2023-01-16T20:16:23.365Z] <<< [apiv2][status] POST https://upload-firebasehosting.googleapis.com/upload/sites/nost-beta/versions/373d0e49547443ea/files/6686ed1ceca1e29efbf682d16c64d4490c339c4aa7adabcec8a5912a8ae81a3e 200
[debug] [2023-01-16T20:16:23.365Z] <<< [apiv2][body] POST https://upload-firebasehosting.googleapis.com/upload/sites/nost-beta/versions/373d0e49547443ea/files/6686ed1ceca1e29efbf682d16c64d4490c339c4aa7adabcec8a5912a8ae81a3e [stream]
[debug] [2023-01-16T20:16:23.410Z] <<< [apiv2][status] POST https://upload-firebasehosting.googleapis.com/upload/sites/nost-beta/versions/373d0e49547443ea/files/711b213845158cc4f53509182296e18b62f60996280672bc757d7d6e293200ce 200
[debug] [2023-01-16T20:16:23.410Z] <<< [apiv2][body] POST https://upload-firebasehosting.googleapis.com/upload/sites/nost-beta/versions/373d0e49547443ea/files/711b213845158cc4f53509182296e18b62f60996280672bc757d7d6e293200ce [stream]
[debug] [2023-01-16T20:16:23.411Z] <<< [apiv2][status] POST https://upload-firebasehosting.googleapis.com/upload/sites/nost-beta/versions/373d0e49547443ea/files/1e71457865f706dc865b49a54a86e193818220d290b30226b6630a42faf1535d 200
[debug] [2023-01-16T20:16:23.412Z] <<< [apiv2][body] POST https://upload-firebasehosting.googleapis.com/upload/sites/nost-beta/versions/373d0e49547443ea/files/1e71457865f706dc865b49a54a86e193818220d290b30226b6630a42faf1535d [stream]
[debug] [2023-01-16T20:16:23.413Z] <<< [apiv2][status] POST https://upload-firebasehosting.googleapis.com/upload/sites/nost-beta/versions/373d0e49547443ea/files/a1177d0c6d7dedd3bdc5566f87ed28fc7c4a80d12633bd0945eb5c8e079b60ff 200
[debug] [2023-01-16T20:16:23.413Z] <<< [apiv2][body] POST https://upload-firebasehosting.googleapis.com/upload/sites/nost-beta/versions/373d0e49547443ea/files/a1177d0c6d7dedd3bdc5566f87ed28fc7c4a80d12633bd0945eb5c8e079b60ff [stream]
[debug] [2023-01-16T20:16:23.415Z] <<< [apiv2][status] POST https://upload-firebasehosting.googleapis.com/upload/sites/nost-beta/versions/373d0e49547443ea/files/f4370e737ca5a5336528d49ede698d5c2618067f4ababb439b1392f32697c7eb 200
[debug] [2023-01-16T20:16:23.415Z] <<< [apiv2][body] POST https://upload-firebasehosting.googleapis.com/upload/sites/nost-beta/versions/373d0e49547443ea/files/f4370e737ca5a5336528d49ede698d5c2618067f4ababb439b1392f32697c7eb [stream]
[debug] [2023-01-16T20:16:23.416Z] <<< [apiv2][status] POST https://upload-firebasehosting.googleapis.com/upload/sites/nost-beta/versions/373d0e49547443ea/files/678fa67c8be71fe634cca18bee35de8ec9dff0aa87d3dd9020c7efb8ee231f5d 200
[debug] [2023-01-16T20:16:23.416Z] <<< [apiv2][body] POST https://upload-firebasehosting.googleapis.com/upload/sites/nost-beta/versions/373d0e49547443ea/files/678fa67c8be71fe634cca18bee35de8ec9dff0aa87d3dd9020c7efb8ee231f5d [stream]
[debug] [2023-01-16T20:16:23.419Z] <<< [apiv2][status] POST https://upload-firebasehosting.googleapis.com/upload/sites/nost-beta/versions/373d0e49547443ea/files/80e55948dd5566e57fd3adadc39147184ee2dbb6206f08f75e5d718aca79c612 200
[debug] [2023-01-16T20:16:23.419Z] <<< [apiv2][body] POST https://upload-firebasehosting.googleapis.com/upload/sites/nost-beta/versions/373d0e49547443ea/files/80e55948dd5566e57fd3adadc39147184ee2dbb6206f08f75e5d718aca79c612 [stream]
[debug] [2023-01-16T20:16:23.420Z] <<< [apiv2][status] POST https://upload-firebasehosting.googleapis.com/upload/sites/nost-beta/versions/373d0e49547443ea/files/3f50d5ca869b06fa9a4f7a944bffc9341ac689e1f2fc3f4ac4fdc7ad2c731c41 200
[debug] [2023-01-16T20:16:23.421Z] <<< [apiv2][body] POST https://upload-firebasehosting.googleapis.com/upload/sites/nost-beta/versions/373d0e49547443ea/files/3f50d5ca869b06fa9a4f7a944bffc9341ac689e1f2fc3f4ac4fdc7ad2c731c41 [stream]
[debug] [2023-01-16T20:16:23.422Z] <<< [apiv2][status] POST https://upload-firebasehosting.googleapis.com/upload/sites/nost-beta/versions/373d0e49547443ea/files/2a1d8d9ab18484e6b426baaf0e97155ae9c926e6fe39266ce21799694c1fc973 200
[debug] [2023-01-16T20:16:23.422Z] <<< [apiv2][body] POST https://upload-firebasehosting.googleapis.com/upload/sites/nost-beta/versions/373d0e49547443ea/files/2a1d8d9ab18484e6b426baaf0e97155ae9c926e6fe39266ce21799694c1fc973 [stream]
[debug] [2023-01-16T20:16:23.432Z] <<< [apiv2][status] POST https://upload-firebasehosting.googleapis.com/upload/sites/nost-beta/versions/373d0e49547443ea/files/14b469272a5a022fbb874bd9f1bc1375144acc4f369e61b8b525c6f695ea4035 200
[debug] [2023-01-16T20:16:23.433Z] <<< [apiv2][body] POST https://upload-firebasehosting.googleapis.com/upload/sites/nost-beta/versions/373d0e49547443ea/files/14b469272a5a022fbb874bd9f1bc1375144acc4f369e61b8b525c6f695ea4035 [stream]
[debug] [2023-01-16T20:16:23.452Z] <<< [apiv2][status] POST https://upload-firebasehosting.googleapis.com/upload/sites/nost-beta/versions/373d0e49547443ea/files/e320e77dc8017bca0d746d61cd0b1ade5ac31f8c0608ef88571c55801a1c72d8 200
[debug] [2023-01-16T20:16:23.453Z] <<< [apiv2][body] POST https://upload-firebasehosting.googleapis.com/upload/sites/nost-beta/versions/373d0e49547443ea/files/e320e77dc8017bca0d746d61cd0b1ade5ac31f8c0608ef88571c55801a1c72d8 [stream]
[debug] [2023-01-16T20:16:23.483Z] <<< [apiv2][status] POST https://upload-firebasehosting.googleapis.com/upload/sites/nost-beta/versions/373d0e49547443ea/files/3cf379783a5f320a7f56ba6649da6c71476814991b1ae6aa8b174c5cd370a437 200
[debug] [2023-01-16T20:16:23.483Z] <<< [apiv2][body] POST https://upload-firebasehosting.googleapis.com/upload/sites/nost-beta/versions/373d0e49547443ea/files/3cf379783a5f320a7f56ba6649da6c71476814991b1ae6aa8b174c5cd370a437 [stream]
[debug] [2023-01-16T20:16:23.486Z] <<< [apiv2][status] POST https://upload-firebasehosting.googleapis.com/upload/sites/nost-beta/versions/373d0e49547443ea/files/b4af984adbf0e983b9327871fe742cc4687d340fb24f3bb3096d57bd0fe52a2f 200
[debug] [2023-01-16T20:16:23.486Z] <<< [apiv2][body] POST https://upload-firebasehosting.googleapis.com/upload/sites/nost-beta/versions/373d0e49547443ea/files/b4af984adbf0e983b9327871fe742cc4687d340fb24f3bb3096d57bd0fe52a2f [stream]
[debug] [2023-01-16T20:16:23.526Z] <<< [apiv2][status] POST https://upload-firebasehosting.googleapis.com/upload/sites/nost-beta/versions/373d0e49547443ea/files/67c3dbe1ea69cd7158c849eb6622090dbff67bcb54bb239bddf7b8e238dbe288 200
[debug] [2023-01-16T20:16:23.526Z] <<< [apiv2][body] POST https://upload-firebasehosting.googleapis.com/upload/sites/nost-beta/versions/373d0e49547443ea/files/67c3dbe1ea69cd7158c849eb6622090dbff67bcb54bb239bddf7b8e238dbe288 [stream]
[debug] [2023-01-16T20:16:23.528Z] <<< [apiv2][status] POST https://upload-firebasehosting.googleapis.com/upload/sites/nost-beta/versions/373d0e49547443ea/files/6b9448025db84f50f29db7f37eb7ba47348bdb76f4a40834db266b07f93caecd 200
[debug] [2023-01-16T20:16:23.528Z] <<< [apiv2][body] POST https://upload-firebasehosting.googleapis.com/upload/sites/nost-beta/versions/373d0e49547443ea/files/6b9448025db84f50f29db7f37eb7ba47348bdb76f4a40834db266b07f93caecd [stream]
[debug] [2023-01-16T20:16:23.556Z] <<< [apiv2][status] POST https://upload-firebasehosting.googleapis.com/upload/sites/nost-beta/versions/373d0e49547443ea/files/d20de92f1830f0ba514299d3f678731469094b113a072ed1f34064bf4bb5fe48 200
[debug] [2023-01-16T20:16:23.557Z] <<< [apiv2][body] POST https://upload-firebasehosting.googleapis.com/upload/sites/nost-beta/versions/373d0e49547443ea/files/d20de92f1830f0ba514299d3f678731469094b113a072ed1f34064bf4bb5fe48 [stream]
[debug] [2023-01-16T20:16:23.616Z] <<< [apiv2][status] POST https://upload-firebasehosting.googleapis.com/upload/sites/nost-beta/versions/373d0e49547443ea/files/1db95688c679ca66661f37300f0331ac08a734b1b746e115ee4b806c325f54fa 200
[debug] [2023-01-16T20:16:23.616Z] <<< [apiv2][body] POST https://upload-firebasehosting.googleapis.com/upload/sites/nost-beta/versions/373d0e49547443ea/files/1db95688c679ca66661f37300f0331ac08a734b1b746e115ee4b806c325f54fa [stream]
[debug] [2023-01-16T20:16:23.632Z] <<< [apiv2][status] POST https://upload-firebasehosting.googleapis.com/upload/sites/nost-beta/versions/373d0e49547443ea/files/b089d0a72b7e180e71d23cdb126d96587b71f1ae9acb7e2afc7f5b03e7734e86 200
[debug] [2023-01-16T20:16:23.633Z] <<< [apiv2][body] POST https://upload-firebasehosting.googleapis.com/upload/sites/nost-beta/versions/373d0e49547443ea/files/b089d0a72b7e180e71d23cdb126d96587b71f1ae9acb7e2afc7f5b03e7734e86 [stream]
[debug] [2023-01-16T20:16:23.642Z] <<< [apiv2][status] POST https://upload-firebasehosting.googleapis.com/upload/sites/nost-beta/versions/373d0e49547443ea/files/8f4979d95c76ae727173785c9b541c422a873fecb255cf37cb50b3ae0bb9b106 200
[debug] [2023-01-16T20:16:23.643Z] <<< [apiv2][body] POST https://upload-firebasehosting.googleapis.com/upload/sites/nost-beta/versions/373d0e49547443ea/files/8f4979d95c76ae727173785c9b541c422a873fecb255cf37cb50b3ae0bb9b106 [stream]
[debug] [2023-01-16T20:16:24.042Z] <<< [apiv2][status] POST https://upload-firebasehosting.googleapis.com/upload/sites/nost-beta/versions/373d0e49547443ea/files/a3fa592b17d234c53b29c375682523da9b77b9511482313e5cdeec6a6be1687f 200
[debug] [2023-01-16T20:16:24.042Z] <<< [apiv2][body] POST https://upload-firebasehosting.googleapis.com/upload/sites/nost-beta/versions/373d0e49547443ea/files/a3fa592b17d234c53b29c375682523da9b77b9511482313e5cdeec6a6be1687f [stream]
[debug] [2023-01-16T20:16:24.109Z] <<< [apiv2][status] POST https://upload-firebasehosting.googleapis.com/upload/sites/nost-beta/versions/373d0e49547443ea/files/7b941aed1085f38a04b4c6cde2731f6a0ac6bfb1a4aa29b3317f94eba1e0496a 200
[debug] [2023-01-16T20:16:24.109Z] <<< [apiv2][body] POST https://upload-firebasehosting.googleapis.com/upload/sites/nost-beta/versions/373d0e49547443ea/files/7b941aed1085f38a04b4c6cde2731f6a0ac6bfb1a4aa29b3317f94eba1e0496a [stream]
[debug] [2023-01-16T20:16:24.462Z] <<< [apiv2][status] POST https://upload-firebasehosting.googleapis.com/upload/sites/nost-beta/versions/373d0e49547443ea/files/d823fb5b5a22673631275aafb294a6516477faec974ea7746a6ee4b6aea19526 200
[debug] [2023-01-16T20:16:24.462Z] <<< [apiv2][body] POST https://upload-firebasehosting.googleapis.com/upload/sites/nost-beta/versions/373d0e49547443ea/files/d823fb5b5a22673631275aafb294a6516477faec974ea7746a6ee4b6aea19526 [stream]
[debug] [2023-01-16T20:16:24.987Z] <<< [apiv2][status] POST https://upload-firebasehosting.googleapis.com/upload/sites/nost-beta/versions/373d0e49547443ea/files/27e74ad87b74cdcc8aa13f790e34f43ae1135279dc70f5ddc3cfa35a5a4f6a72 200
[debug] [2023-01-16T20:16:24.987Z] <<< [apiv2][body] POST https://upload-firebasehosting.googleapis.com/upload/sites/nost-beta/versions/373d0e49547443ea/files/27e74ad87b74cdcc8aa13f790e34f43ae1135279dc70f5ddc3cfa35a5a4f6a72 [stream]
[debug] [2023-01-16T20:16:25.609Z] <<< [apiv2][status] POST https://upload-firebasehosting.googleapis.com/upload/sites/nost-beta/versions/373d0e49547443ea/files/70421717675cab24e42c4d1e9c95cadfe4b7e3ddbb1922cca03fa1e15bd65826 200
[debug] [2023-01-16T20:16:25.609Z] <<< [apiv2][body] POST https://upload-firebasehosting.googleapis.com/upload/sites/nost-beta/versions/373d0e49547443ea/files/70421717675cab24e42c4d1e9c95cadfe4b7e3ddbb1922cca03fa1e15bd65826 [stream]
[debug] [2023-01-16T20:16:26.322Z] <<< [apiv2][status] POST https://upload-firebasehosting.googleapis.com/upload/sites/nost-beta/versions/373d0e49547443ea/files/281b92231d469ee718c168c8cd49c239e8ea9d23ffaef20033e844f11b73f8b0 200
[debug] [2023-01-16T20:16:26.322Z] <<< [apiv2][body] POST https://upload-firebasehosting.googleapis.com/upload/sites/nost-beta/versions/373d0e49547443ea/files/281b92231d469ee718c168c8cd49c239e8ea9d23ffaef20033e844f11b73f8b0 [stream]
[debug] [2023-01-16T20:16:26.473Z] <<< [apiv2][status] POST https://upload-firebasehosting.googleapis.com/upload/sites/nost-beta/versions/373d0e49547443ea/files/5616247fd653d663e709e58ed3bd3f10d8a2c4b78f85925c56d4331c503df1b1 200
[debug] [2023-01-16T20:16:26.473Z] <<< [apiv2][body] POST https://upload-firebasehosting.googleapis.com/upload/sites/nost-beta/versions/373d0e49547443ea/files/5616247fd653d663e709e58ed3bd3f10d8a2c4b78f85925c56d4331c503df1b1 [stream]
[debug] [2023-01-16T20:16:26.473Z] [hosting][upload queue][FINAL] {"max":4057,"min":829,"avg":1408.451612903226,"active":0,"complete":31,"success":31,"errored":0,"retried":0,"total":31,"elapsed":4058}
[info] ✔  hosting[nost-beta]: file upload complete 
[debug] [2023-01-16T20:16:26.475Z] [hosting] deploy completed after 5371ms
[debug] [2023-01-16T20:16:26.479Z] [
  {
    "config": {
      "public": "dist",
      "ignore": [
        "firebase.json",
        "**/.*",
        "**/node_modules/**"
      ],
      "rewrites": [
        {
          "source": "**",
          "destination": "/index.html"
        }
      ],
      "site": "nost-beta"
    },
    "version": "projects/586716879771/sites/nost-beta/versions/373d0e49547443ea"
  }
]
[info] i  hosting[nost-beta]: finalizing version... 
[debug] [2023-01-16T20:16:26.483Z] >>> [apiv2][query] PATCH https://firebasehosting.googleapis.com/v1beta1/projects/-/sites/nost-beta/versions/373d0e49547443ea updateMask=status%2Cconfig
[debug] [2023-01-16T20:16:26.483Z] >>> [apiv2][body] PATCH https://firebasehosting.googleapis.com/v1beta1/projects/-/sites/nost-beta/versions/373d0e49547443ea {"status":"FINALIZED","config":{"rewrites":[{"glob":"**","path":"/index.html"}]}}
[debug] [2023-01-16T20:16:27.108Z] <<< [apiv2][status] PATCH https://firebasehosting.googleapis.com/v1beta1/projects/-/sites/nost-beta/versions/373d0e49547443ea 200
[debug] [2023-01-16T20:16:27.108Z] <<< [apiv2][body] PATCH https://firebasehosting.googleapis.com/v1beta1/projects/-/sites/nost-beta/versions/373d0e49547443ea {"name":"projects/586716879771/sites/nost-beta/versions/373d0e49547443ea","status":"FINALIZED","config":{"rewrites":[{"glob":"**","path":"/index.html"}]},"labels":{"deployment-tool":"cli-firebase"},"createTime":"2023-01-16T20:15:51.680112Z","createUser":{"email":"briansauceda17@gmail.com"},"finalizeTime":"2023-01-16T20:16:27.025510Z","finalizeUser":{"email":"briansauceda17@gmail.com"}}
[debug] [2023-01-16T20:16:27.108Z] [hosting] finalized version for nost-beta:[object Object]
[info] ✔  hosting[nost-beta]: version finalized 
[info] i  hosting[nost-beta]: releasing new version... 
[debug] [2023-01-16T20:16:27.111Z] >>> [apiv2][query] POST https://firebasehosting.googleapis.com/v1beta1/projects/-/sites/nost-beta/channels/live/releases versionName=projects%2F586716879771%2Fsites%2Fnost-beta%2Fversions%2F373d0e49547443ea
[debug] [2023-01-16T20:16:27.111Z] >>> [apiv2][body] POST https://firebasehosting.googleapis.com/v1beta1/projects/-/sites/nost-beta/channels/live/releases {}
[debug] [2023-01-16T20:16:27.703Z] <<< [apiv2][status] POST https://firebasehosting.googleapis.com/v1beta1/projects/-/sites/nost-beta/channels/live/releases 200
[debug] [2023-01-16T20:16:27.704Z] <<< [apiv2][body] POST https://firebasehosting.googleapis.com/v1beta1/projects/-/sites/nost-beta/channels/live/releases {"name":"projects/586716879771/sites/nost-beta/channels/live/releases/1673900187042327","version":{"name":"projects/586716879771/sites/nost-beta/versions/373d0e49547443ea","status":"FINALIZED","config":{"rewrites":[{"glob":"**","path":"/index.html"}]},"labels":{"deployment-tool":"cli-firebase"},"createTime":"2023-01-16T20:15:51.680112Z","createUser":{"email":"briansauceda17@gmail.com","imageUrl":"https://lh3.googleusercontent.com/a/AEdFTp6g6fAkvzSVik14UKx3U-ATlQ3l7A1BAZ-hZrUC1Q"},"finalizeTime":"2023-01-16T20:16:27.025510Z","finalizeUser":{"email":"briansauceda17@gmail.com","imageUrl":"https://lh3.googleusercontent.com/a/AEdFTp6g6fAkvzSVik14UKx3U-ATlQ3l7A1BAZ-hZrUC1Q"}},"type":"DEPLOY","releaseTime":"2023-01-16T20:16:27.042327997Z","releaseUser":{"email":"briansauceda17@gmail.com","imageUrl":"https://lh3.googleusercontent.com/a/AEdFTp6g6fAkvzSVik14UKx3U-ATlQ3l7A1BAZ-hZrUC1Q"}}
[debug] [2023-01-16T20:16:27.704Z] [hosting] release: {"name":"projects/586716879771/sites/nost-beta/channels/live/releases/1673900187042327","version":{"name":"projects/586716879771/sites/nost-beta/versions/373d0e49547443ea","status":"FINALIZED","config":{"rewrites":[{"glob":"**","path":"/index.html"}]},"labels":{"deployment-tool":"cli-firebase"},"createTime":"2023-01-16T20:15:51.680112Z","createUser":{"email":"briansauceda17@gmail.com","imageUrl":"https://lh3.googleusercontent.com/a/AEdFTp6g6fAkvzSVik14UKx3U-ATlQ3l7A1BAZ-hZrUC1Q"},"finalizeTime":"2023-01-16T20:16:27.025510Z","finalizeUser":{"email":"briansauceda17@gmail.com","imageUrl":"https://lh3.googleusercontent.com/a/AEdFTp6g6fAkvzSVik14UKx3U-ATlQ3l7A1BAZ-hZrUC1Q"}},"type":"DEPLOY","releaseTime":"2023-01-16T20:16:27.042327997Z","releaseUser":{"email":"briansauceda17@gmail.com","imageUrl":"https://lh3.googleusercontent.com/a/AEdFTp6g6fAkvzSVik14UKx3U-ATlQ3l7A1BAZ-hZrUC1Q"}}
[info] ✔  hosting[nost-beta]: release complete 
[info] 
[info] ✔  Deploy complete! 
[info] 
[info] Project Console: https://console.firebase.google.com/project/nost-beta/overview
[info] Hosting URL: https://nost-beta.web.app
[debug] [2023-01-16T20:17:07.730Z] Error: Timed out.
    at Timeout._onTimeout (/Users/briansauceda/.nvm/versions/node/v12.22.5/lib/node_modules/firebase-tools/lib/utils.js:253:49)
    at listOnTimeout (node:internal/timers:564:17)
    at process.processTimers (node:internal/timers:507:7)
[error] 
[error] Error: An unexpected error has occurred.
[debug] [2023-01-16T20:52:59.398Z] ----------------------------------------------------------------------
[debug] [2023-01-16T20:52:59.402Z] Command:       /Users/briansauceda/.nvm/versions/node/v18.12.1/bin/node /Users/briansauceda/.nvm/versions/node/v12.22.5/bin/firebase deploy
[debug] [2023-01-16T20:52:59.403Z] CLI Version:   11.20.0
[debug] [2023-01-16T20:52:59.403Z] Platform:      darwin
[debug] [2023-01-16T20:52:59.403Z] Node Version:  v18.12.1
[debug] [2023-01-16T20:52:59.405Z] Time:          Mon Jan 16 2023 13:52:59 GMT-0700 (hora estándar del Pacífico de México)
[debug] [2023-01-16T20:52:59.405Z] ----------------------------------------------------------------------
[debug] 
[debug] [2023-01-16T20:52:59.644Z] > command requires scopes: ["email","openid","https://www.googleapis.com/auth/cloudplatformprojects.readonly","https://www.googleapis.com/auth/firebase","https://www.googleapis.com/auth/cloud-platform"]
[debug] [2023-01-16T20:52:59.644Z] > authorizing via signed-in user (briansauceda17@gmail.com)
[debug] [2023-01-16T20:52:59.645Z] [iam] checking project nost-beta for permissions ["firebase.projects.get","firebasehosting.sites.update"]
[debug] [2023-01-16T20:52:59.648Z] >>> [apiv2][query] POST https://cloudresourcemanager.googleapis.com/v1/projects/nost-beta:testIamPermissions [none]
[debug] [2023-01-16T20:52:59.648Z] >>> [apiv2][(partial)header] POST https://cloudresourcemanager.googleapis.com/v1/projects/nost-beta:testIamPermissions x-goog-quota-user=projects/nost-beta
[debug] [2023-01-16T20:52:59.648Z] >>> [apiv2][body] POST https://cloudresourcemanager.googleapis.com/v1/projects/nost-beta:testIamPermissions {"permissions":["firebase.projects.get","firebasehosting.sites.update"]}
[debug] [2023-01-16T20:53:00.243Z] <<< [apiv2][status] POST https://cloudresourcemanager.googleapis.com/v1/projects/nost-beta:testIamPermissions 200
[debug] [2023-01-16T20:53:00.243Z] <<< [apiv2][body] POST https://cloudresourcemanager.googleapis.com/v1/projects/nost-beta:testIamPermissions {"permissions":["firebase.projects.get","firebasehosting.sites.update"]}
[debug] [2023-01-16T20:53:00.245Z] >>> [apiv2][query] GET https://firebase.googleapis.com/v1beta1/projects/nost-beta [none]
[debug] [2023-01-16T20:53:00.814Z] <<< [apiv2][status] GET https://firebase.googleapis.com/v1beta1/projects/nost-beta 200
[debug] [2023-01-16T20:53:00.814Z] <<< [apiv2][body] GET https://firebase.googleapis.com/v1beta1/projects/nost-beta {"projectId":"nost-beta","projectNumber":"586716879771","displayName":"Nost","name":"projects/nost-beta","resources":{"hostingSite":"nost-beta"},"state":"ACTIVE","etag":"1_8b8de96f-fe3d-4783-bac9-6d2df8b358d7"}
[info] 
[info] === Deploying to 'nost-beta'...
[info] 
[info] i  deploying hosting 
[debug] [2023-01-16T20:53:00.823Z] >>> [apiv2][query] POST https://firebasehosting.googleapis.com/v1beta1/projects/-/sites/nost-beta/versions [none]
[debug] [2023-01-16T20:53:00.824Z] >>> [apiv2][body] POST https://firebasehosting.googleapis.com/v1beta1/projects/-/sites/nost-beta/versions {"status":"CREATED","labels":{"deployment-tool":"cli-firebase"}}
[debug] [2023-01-16T20:53:01.688Z] <<< [apiv2][status] POST https://firebasehosting.googleapis.com/v1beta1/projects/-/sites/nost-beta/versions 200
[debug] [2023-01-16T20:53:01.689Z] <<< [apiv2][body] POST https://firebasehosting.googleapis.com/v1beta1/projects/-/sites/nost-beta/versions {"name":"projects/586716879771/sites/nost-beta/versions/e10e00b36a2f884e","status":"CREATED","config":{},"labels":{"deployment-tool":"cli-firebase"}}
[info] i  hosting[nost-beta]: beginning deploy... 
[info] i  hosting[nost-beta]: found 32 files in dist 
[debug] [2023-01-16T20:53:30.873Z] [hosting] uploading with 200 concurrency
[debug] [2023-01-16T20:53:31.523Z] [hosting] hash cache [ZGlzdA] stored for 32 files
[debug] [2023-01-16T20:53:31.524Z] [hosting][hash queue][FINAL] {"max":615,"min":54,"avg":106.78125,"active":0,"complete":32,"success":32,"errored":0,"retried":0,"total":32,"elapsed":629}
[debug] [2023-01-16T20:53:31.524Z] >>> [apiv2][query] POST https://firebasehosting.googleapis.com/v1beta1/projects/586716879771/sites/nost-beta/versions/e10e00b36a2f884e:populateFiles [none]
[debug] [2023-01-16T20:53:31.524Z] >>> [apiv2][body] POST https://firebasehosting.googleapis.com/v1beta1/projects/586716879771/sites/nost-beta/versions/e10e00b36a2f884e:populateFiles {"files":{"/index.html":"31aad7211f833770ca687daeed7f7ad59d3a2896343026379fdee02397296c95","/css/Analytics.3bf5c2a6.css":"2a1d8d9ab18484e6b426baaf0e97155ae9c926e6fe39266ce21799694c1fc973","/css/Register.152b31b7.css":"67c3dbe1ea69cd7158c849eb6622090dbff67bcb54bb239bddf7b8e238dbe288","/css/HomeLayout.a9cba2d6.css":"089ba04127491cb0738b15ac1a15e0abbbe41d462bb7d495ee1d3ba973714488","/css/Settings.7558cde0.css":"f4370e737ca5a5336528d49ede698d5c2618067f4ababb439b1392f32697c7eb","/css/Request.73d1db28.css":"d20de92f1830f0ba514299d3f678731469094b113a072ed1f34064bf4bb5fe48","/css/app.2f8c03d9.css":"b089d0a72b7e180e71d23cdb126d96587b71f1ae9acb7e2afc7f5b03e7734e86","/css/formats.6eb5f2b9.css":"a1177d0c6d7dedd3bdc5566f87ed28fc7c4a80d12633bd0945eb5c8e079b60ff","/js/HomeLayout.4a04d6d9.js":"678fa67c8be71fe634cca18bee35de8ec9dff0aa87d3dd9020c7efb8ee231f5d","/js/Register.67901065.js":"8f4979d95c76ae727173785c9b541c422a873fecb255cf37cb50b3ae0bb9b106","/js/Request.5d545cc4.js":"3cf379783a5f320a7f56ba6649da6c71476814991b1ae6aa8b174c5cd370a437","/js/Request.5d545cc4.js.map":"e320e77dc8017bca0d746d61cd0b1ade5ac31f8c0608ef88571c55801a1c72d8","/js/Settings.8314a581.js":"14b469272a5a022fbb874bd9f1bc1375144acc4f369e61b8b525c6f695ea4035","/js/about.acd2d507.js":"80e55948dd5566e57fd3adadc39147184ee2dbb6206f08f75e5d718aca79c612","/js/about.acd2d507.js.map":"b5f087096dfdd89360d76bb4ad5e2c33e966b752aec4365fdc53597f4818c5fa","/js/Settings.8314a581.js.map":"6686ed1ceca1e29efbf682d16c64d4490c339c4aa7adabcec8a5912a8ae81a3e","/js/app.f19cdc49.js.map":"d823fb5b5a22673631275aafb294a6516477faec974ea7746a6ee4b6aea19526","/js/formats.ee07182c.js":"1db95688c679ca66661f37300f0331ac08a734b1b746e115ee4b806c325f54fa","/js/formats.ee07182c.js.map":"ec64aaefbcd9f27f1946b3c0c54f1e898197b629bfcf892f2ac585d99c0d5e5a","/favicon.ico":"1e71457865f706dc865b49a54a86e193818220d290b30226b6630a42faf1535d","/js/HomeLayout.4a04d6d9.js.map":"b4af984adbf0e983b9327871fe742cc4687d340fb24f3bb3096d57bd0fe52a2f","/notificacion.png":"3f50d5ca869b06fa9a4f7a944bffc9341ac689e1f2fc3f4ac4fdc7ad2c731c41","/img/notificacion.5deb3a5a.png":"3f50d5ca869b06fa9a4f7a944bffc9341ac689e1f2fc3f4ac4fdc7ad2c731c41","/js/347.dce340e3.js":"7b941aed1085f38a04b4c6cde2731f6a0ac6bfb1a4aa29b3317f94eba1e0496a","/js/app.f19cdc49.js":"711b213845158cc4f53509182296e18b62f60996280672bc757d7d6e293200ce","/js/Register.67901065.js.map":"395d6850a486fbce8a922f0e3c37c777a733dae5dfa42de6cd4bc044a8e07882","/css/chunk-vendors.269fb860.css":"6b9448025db84f50f29db7f37eb7ba47348bdb76f4a40834db266b07f93caecd","/js/347.dce340e3.js.map":"a3fa592b17d234c53b29c375682523da9b77b9511482313e5cdeec6a6be1687f","/js/Analytics.54ba61cf.js":"27e74ad87b74cdcc8aa13f790e34f43ae1135279dc70f5ddc3cfa35a5a4f6a72","/js/chunk-vendors.a7a5ed58.js":"5616247fd653d663e709e58ed3bd3f10d8a2c4b78f85925c56d4331c503df1b1","/js/Analytics.54ba61cf.js.map":"70421717675cab24e42c4d1e9c95cadfe4b7e3ddbb1922cca03fa1e15bd65826","/js/chunk-vendors.a7a5ed58.js.map":"281b92231d469ee718c168c8cd49c239e8ea9d23ffaef20033e844f11b73f8b0"}}
[debug] [2023-01-16T20:53:32.251Z] <<< [apiv2][status] POST https://firebasehosting.googleapis.com/v1beta1/projects/586716879771/sites/nost-beta/versions/e10e00b36a2f884e:populateFiles 200
[debug] [2023-01-16T20:53:32.252Z] <<< [apiv2][body] POST https://firebasehosting.googleapis.com/v1beta1/projects/586716879771/sites/nost-beta/versions/e10e00b36a2f884e:populateFiles {"uploadRequiredHashes":["31aad7211f833770ca687daeed7f7ad59d3a2896343026379fdee02397296c95"],"uploadUrl":"https://upload-firebasehosting.googleapis.com/upload/sites/nost-beta/versions/e10e00b36a2f884e/files"}
[debug] [2023-01-16T20:53:32.253Z] >>> [apiv2][query] POST https://upload-firebasehosting.googleapis.com/upload/sites/nost-beta/versions/e10e00b36a2f884e/files/31aad7211f833770ca687daeed7f7ad59d3a2896343026379fdee02397296c95 [none]
[debug] [2023-01-16T20:53:32.253Z] >>> [apiv2][body] POST https://upload-firebasehosting.googleapis.com/upload/sites/nost-beta/versions/e10e00b36a2f884e/files/31aad7211f833770ca687daeed7f7ad59d3a2896343026379fdee02397296c95 [stream]
[debug] [2023-01-16T20:53:32.255Z] [hosting][populate queue][FINAL] {"max":732,"min":732,"avg":732,"active":0,"complete":1,"success":1,"errored":0,"retried":0,"total":1,"elapsed":734}
[debug] [2023-01-16T20:53:32.255Z] [hosting] uploads queued: 1
[debug] [2023-01-16T20:53:33.311Z] <<< [apiv2][status] POST https://upload-firebasehosting.googleapis.com/upload/sites/nost-beta/versions/e10e00b36a2f884e/files/31aad7211f833770ca687daeed7f7ad59d3a2896343026379fdee02397296c95 200
[debug] [2023-01-16T20:53:33.311Z] <<< [apiv2][body] POST https://upload-firebasehosting.googleapis.com/upload/sites/nost-beta/versions/e10e00b36a2f884e/files/31aad7211f833770ca687daeed7f7ad59d3a2896343026379fdee02397296c95 [stream]
[debug] [2023-01-16T20:53:33.312Z] [hosting][upload queue][FINAL] {"max":1059,"min":1059,"avg":1059,"active":0,"complete":1,"success":1,"errored":0,"retried":0,"total":1,"elapsed":1060}
[info] ✔  hosting[nost-beta]: file upload complete 
[debug] [2023-01-16T20:53:33.313Z] [hosting] deploy completed after 2456ms
[debug] [2023-01-16T20:53:33.315Z] [
  {
    "config": {
      "public": "dist",
      "ignore": [
        "firebase.json",
        "**/.*",
        "**/node_modules/**"
      ],
      "rewrites": [
        {
          "source": "**",
          "destination": "/index.html"
        }
      ],
      "site": "nost-beta"
    },
    "version": "projects/586716879771/sites/nost-beta/versions/e10e00b36a2f884e"
  }
]
[info] i  hosting[nost-beta]: finalizing version... 
[debug] [2023-01-16T20:53:33.318Z] >>> [apiv2][query] PATCH https://firebasehosting.googleapis.com/v1beta1/projects/-/sites/nost-beta/versions/e10e00b36a2f884e updateMask=status%2Cconfig
[debug] [2023-01-16T20:53:33.318Z] >>> [apiv2][body] PATCH https://firebasehosting.googleapis.com/v1beta1/projects/-/sites/nost-beta/versions/e10e00b36a2f884e {"status":"FINALIZED","config":{"rewrites":[{"glob":"**","path":"/index.html"}]}}
[debug] [2023-01-16T20:53:33.980Z] <<< [apiv2][status] PATCH https://firebasehosting.googleapis.com/v1beta1/projects/-/sites/nost-beta/versions/e10e00b36a2f884e 200
[debug] [2023-01-16T20:53:33.981Z] <<< [apiv2][body] PATCH https://firebasehosting.googleapis.com/v1beta1/projects/-/sites/nost-beta/versions/e10e00b36a2f884e {"name":"projects/586716879771/sites/nost-beta/versions/e10e00b36a2f884e","status":"FINALIZED","config":{"rewrites":[{"glob":"**","path":"/index.html"}]},"labels":{"deployment-tool":"cli-firebase"},"createTime":"2023-01-16T20:53:01.355973Z","createUser":{"email":"briansauceda17@gmail.com"},"finalizeTime":"2023-01-16T20:53:33.866632Z","finalizeUser":{"email":"briansauceda17@gmail.com"}}
[debug] [2023-01-16T20:53:33.981Z] [hosting] finalized version for nost-beta:[object Object]
[info] ✔  hosting[nost-beta]: version finalized 
[info] i  hosting[nost-beta]: releasing new version... 
[debug] [2023-01-16T20:53:33.982Z] >>> [apiv2][query] POST https://firebasehosting.googleapis.com/v1beta1/projects/-/sites/nost-beta/channels/live/releases versionName=projects%2F586716879771%2Fsites%2Fnost-beta%2Fversions%2Fe10e00b36a2f884e
[debug] [2023-01-16T20:53:33.982Z] >>> [apiv2][body] POST https://firebasehosting.googleapis.com/v1beta1/projects/-/sites/nost-beta/channels/live/releases {}
[debug] [2023-01-16T20:53:34.615Z] <<< [apiv2][status] POST https://firebasehosting.googleapis.com/v1beta1/projects/-/sites/nost-beta/channels/live/releases 200
[debug] [2023-01-16T20:53:34.615Z] <<< [apiv2][body] POST https://firebasehosting.googleapis.com/v1beta1/projects/-/sites/nost-beta/channels/live/releases {"name":"projects/586716879771/sites/nost-beta/channels/live/releases/1673902413956499","version":{"name":"projects/586716879771/sites/nost-beta/versions/e10e00b36a2f884e","status":"FINALIZED","config":{"rewrites":[{"glob":"**","path":"/index.html"}]},"labels":{"deployment-tool":"cli-firebase"},"createTime":"2023-01-16T20:53:01.355973Z","createUser":{"email":"briansauceda17@gmail.com","imageUrl":"https://lh3.googleusercontent.com/a/AEdFTp6g6fAkvzSVik14UKx3U-ATlQ3l7A1BAZ-hZrUC1Q"},"finalizeTime":"2023-01-16T20:53:33.866632Z","finalizeUser":{"email":"briansauceda17@gmail.com","imageUrl":"https://lh3.googleusercontent.com/a/AEdFTp6g6fAkvzSVik14UKx3U-ATlQ3l7A1BAZ-hZrUC1Q"}},"type":"DEPLOY","releaseTime":"2023-01-16T20:53:33.956499606Z","releaseUser":{"email":"briansauceda17@gmail.com","imageUrl":"https://lh3.googleusercontent.com/a/AEdFTp6g6fAkvzSVik14UKx3U-ATlQ3l7A1BAZ-hZrUC1Q"}}
[debug] [2023-01-16T20:53:34.616Z] [hosting] release: {"name":"projects/586716879771/sites/nost-beta/channels/live/releases/1673902413956499","version":{"name":"projects/586716879771/sites/nost-beta/versions/e10e00b36a2f884e","status":"FINALIZED","config":{"rewrites":[{"glob":"**","path":"/index.html"}]},"labels":{"deployment-tool":"cli-firebase"},"createTime":"2023-01-16T20:53:01.355973Z","createUser":{"email":"briansauceda17@gmail.com","imageUrl":"https://lh3.googleusercontent.com/a/AEdFTp6g6fAkvzSVik14UKx3U-ATlQ3l7A1BAZ-hZrUC1Q"},"finalizeTime":"2023-01-16T20:53:33.866632Z","finalizeUser":{"email":"briansauceda17@gmail.com","imageUrl":"https://lh3.googleusercontent.com/a/AEdFTp6g6fAkvzSVik14UKx3U-ATlQ3l7A1BAZ-hZrUC1Q"}},"type":"DEPLOY","releaseTime":"2023-01-16T20:53:33.956499606Z","releaseUser":{"email":"briansauceda17@gmail.com","imageUrl":"https://lh3.googleusercontent.com/a/AEdFTp6g6fAkvzSVik14UKx3U-ATlQ3l7A1BAZ-hZrUC1Q"}}
[info] ✔  hosting[nost-beta]: release complete 
[info] 
[info] ✔  Deploy complete! 
[info] 
[info] Project Console: https://console.firebase.google.com/project/nost-beta/overview
[info] Hosting URL: https://nost-beta.web.app
[debug] [2023-01-16T20:54:14.640Z] Error: Timed out.
    at Timeout._onTimeout (/Users/briansauceda/.nvm/versions/node/v12.22.5/lib/node_modules/firebase-tools/lib/utils.js:253:49)
    at listOnTimeout (node:internal/timers:564:17)
    at process.processTimers (node:internal/timers:507:7)
[error] 
[error] Error: An unexpected error has occurred.
